<html xmlns:math="http://exslt.org/math" xmlns:testng="http://testng.org">
   <head>
      <title>TestNG Results</title>
      <meta http-equiv="content-type" content="text/html; charset=utf-8"></meta>
      <meta http-equiv="pragma" content="no-cache"></meta>
      <meta http-equiv="cache-control" content="max-age=0"></meta>
      <meta http-equiv="cache-control" content="no-cache"></meta>
      <meta http-equiv="cache-control" content="no-store"></meta>
      <LINK rel="stylesheet" href="style.css"></LINK>
      <script type="text/javascript" src="main.js"></script>
   </head>
   <body>
      <table width="100%" style="font-size: 16px; margin-bottom: 10px;" cellspacing="1">
         <tr>
            <td width="100%">
               Test case
               
               <b>Default test</b>
            </td>
            <td style="background-color: #FFBBBB; padding: 3px 3px 3px 0;" align="center">
               <div style="width: 50px;">0</div>
            </td>
            <td style="background-color: lightgreen; padding: 3px 3px 3px 0;" align="center">
               <div style="width: 50px;">0</div>
            </td>
            <td style="background-color: #FFFFBB; padding: 3px 3px 3px 0;" align="center">
               <div style="width: 50px;">3</div>
            </td>
            <td align="center" style="background-color: #eaf0f7; padding: 3px 3px 3px 0;">
               <div style="width: 50px;">3</div>
            </td>
            <td align="center"
                style="font-weight: bold; background-color: #eaf0f7; padding: 3px 3px 3px 0;">
               <div style="width: 50px;">0%</div>
            </td>
            <td style="background-color: #eaf0f7; padding: 3px 3px 3px 0;" align="center"
                nowrap="true">10 ms
               
            </td>
         </tr>
      </table>
      <div style="width: 200px;">
         <label for="groupMethodsCheckBox" style="font-weight: bold; margin: 0;">
            <input id="groupMethodsCheckBox" type="checkbox" onclick="switchTestMethodsView(this)"></input>
            Group by class
            
         </label>
         <br></br>
         <label for="methodsFilter_ALL" style="font-weight: bold; margin: 0;">
            <input id="methodsFilter_ALL" type="checkbox"
                   onclick="testMethodsFilterChanged(this, 'ALL')"></input>
            All
            
         </label>
      </div>
      <label for="methodsFilter_FAIL" style="margin-left: 20px;">
         <input id="methodsFilter_FAIL" type="checkbox"
                onclick="testMethodsFilterChanged(this, 'FAIL')"
                checked=""></input>
         Failed
         
      </label>
      <label for="methodsFilter_PASS">
         <input id="methodsFilter_PASS" type="checkbox"
                onclick="testMethodsFilterChanged(this, 'PASS')"
                checked=""></input>
         Passed
         
      </label>
      <label for="methodsFilter_SKIP">
         <input id="methodsFilter_SKIP" type="checkbox"
                onclick="testMethodsFilterChanged(this, 'SKIP')"
                checked=""></input>
         Skipped
         
      </label>
      <label for="methodsFilter_CONF">
         <input id="methodsFilter_CONF" type="checkbox"
                onclick="testMethodsFilterChanged(this, 'CONF')"></input>
         Config
         
      </label>
      <br></br>
      <div id="testMethodsByStatus">
         <table class="testMethodsTable" cellpadding="0" cellspacing="0">
            <tr class="methodsTableHeader">
               <td width="100%">Name</td>
               <td nowrap="true">Started</td>
               <td nowrap="true">Duration</td>
               <td>Exception</td>
            </tr>
            <tr id="com.Nagarro.nagp.selenium.testSuites.TestSuite_setUp_byStatus_passed_PASS1_row"
                class="testMethodStatusPASS testMethodStatusCONF">
               <td width="100%" class="firstMethodCell">
                  <a onclick="toggleDetailsVisibility('com.Nagarro.nagp.selenium.testSuites.TestSuite_setUp_byStatus_passed_PASS1_details')">setUp()</a>
               </td>
               <td nowrap="true">14:01:43</td>
               <td nowrap="true" align="right">5s
                  
               </td>
               <td nowrap="true">
                   
                  
               </td>
            </tr>
            <tr>
               <td colspan="4" class="detailsBox">
                  <div id="com.Nagarro.nagp.selenium.testSuites.TestSuite_setUp_byStatus_passed_PASS1_details"
                       class="testMethodDetails">
                     <div>
                        <b>Name: </b>setUp
                     </div>
                     <div>
                        <b>Signature: </b>setUp()[pri:0, instance:com.Nagarro.nagp.selenium.testSuites.TestSuite@7a1ebcd8]
                     </div>
                     <div>
                        <b>Start time: </b>14:01:43
                     </div>
                     <div>
                        <b>End time: </b>14:01:49
                     </div>
                     <div>
                        <b>Duration: </b>5s
                        
                     </div>
                  </div>
               </td>
            </tr>
            <tr></tr>
            <tr id="com.Nagarro.nagp.selenium.testSuites.TestSuite_tearDown_byStatus_passed_PASS2_row"
                class="testMethodStatusPASS testMethodStatusCONF">
               <td width="100%" class="firstMethodCell">
                  <a onclick="toggleDetailsVisibility('com.Nagarro.nagp.selenium.testSuites.TestSuite_tearDown_byStatus_passed_PASS2_details')">tearDown()</a>
               </td>
               <td nowrap="true">14:01:49</td>
               <td nowrap="true" align="right">1s
                  
               </td>
               <td nowrap="true">
                   
                  
               </td>
            </tr>
            <tr>
               <td colspan="4" class="detailsBox">
                  <div id="com.Nagarro.nagp.selenium.testSuites.TestSuite_tearDown_byStatus_passed_PASS2_details"
                       class="testMethodDetails">
                     <div>
                        <b>Name: </b>tearDown
                     </div>
                     <div>
                        <b>Signature: </b>tearDown()[pri:0, instance:com.Nagarro.nagp.selenium.testSuites.TestSuite@7a1ebcd8]
                     </div>
                     <div>
                        <b>Start time: </b>14:01:49
                     </div>
                     <div>
                        <b>End time: </b>14:01:50
                     </div>
                     <div>
                        <b>Duration: </b>1s
                        
                     </div>
                  </div>
               </td>
            </tr>
            <tr></tr>
            <tr id="com.Nagarro.nagp.selenium.testSuites.TestSuite_TC01_byStatus_skiped_SKIP1_row"
                class="testMethodStatusSKIP">
               <td width="100%" class="firstMethodCell">
                  <a onclick="toggleDetailsVisibility('com.Nagarro.nagp.selenium.testSuites.TestSuite_TC01_byStatus_skiped_SKIP1_details')">TC01()</a>
               </td>
               <td nowrap="true">14:01:49</td>
               <td nowrap="true" align="right">0 ms
                  
               </td>
               <td nowrap="true">
                  <a onclick="toggleDetailsVisibility('com.Nagarro.nagp.selenium.testSuites.TestSuite_TC01_byStatus_skiped_SKIP1_exception')">java.lang.RuntimeException: 
                     java.lang.ArrayIndexOutOfBoundsException: 0
                     
                  </a>
                   
                  
               </td>
            </tr>
            <tr>
               <td colspan="4" class="detailsBox">
                  <div id="com.Nagarro.nagp.selenium.testSuites.TestSuite_TC01_byStatus_skiped_SKIP1_details"
                       class="testMethodDetails">
                     <div>
                        <b>Name: </b>TC01
                     </div>
                     <div>
                        <b>Signature: </b>TC01(java.util.Hashtable)[pri:0, instance:com.Nagarro.nagp.selenium.testSuites.TestSuite@7a1ebcd8]
                     </div>
                     <div>
                        <b>Start time: </b>14:01:49
                     </div>
                     <div>
                        <b>End time: </b>14:01:49
                     </div>
                     <div>
                        <b>Duration: </b>0 ms
                        
                     </div>
                  </div>
               </td>
            </tr>
            <tr>
               <td colspan="4" class="detailsBox">
                  <div id="com.Nagarro.nagp.selenium.testSuites.TestSuite_TC01_byStatus_skiped_SKIP1_exception"
                       class="testMethodDetails">
                     <pre style="padding: 5px; margin: 0;">java.lang.RuntimeException: java.lang.ArrayIndexOutOfBoundsException: 0
                        	at org.testng.internal.MethodInvocationHelper.invokeMethodNoCheckedException(MethodInvocationHelper.java:45)
                        	at org.testng.internal.MethodInvocationHelper.invokeDataProvider(MethodInvocationHelper.java:110)
                        	at org.testng.internal.Parameters.handleParameters(Parameters.java:429)
                        	at org.testng.internal.Invoker.handleParameters(Invoker.java:1240)
                        	at org.testng.internal.Invoker.createParameters(Invoker.java:980)
                        	at org.testng.internal.Invoker.invokeTestMethods(Invoker.java:1070)
                        	at org.testng.internal.TestMethodWorker.invokeTestMethods(TestMethodWorker.java:129)
                        	at org.testng.internal.TestMethodWorker.run(TestMethodWorker.java:112)
                        	at org.testng.TestRunner.privateRun(TestRunner.java:746)
                        	at org.testng.TestRunner.run(TestRunner.java:600)
                        	at org.testng.SuiteRunner.runTest(SuiteRunner.java:366)
                        	at org.testng.SuiteRunner.runSequentially(SuiteRunner.java:361)
                        	at org.testng.SuiteRunner.privateRun(SuiteRunner.java:319)
                        	at org.testng.SuiteRunner.run(SuiteRunner.java:268)
                        	at org.testng.SuiteRunnerWorker.runSuite(SuiteRunnerWorker.java:52)
                        	at org.testng.SuiteRunnerWorker.run(SuiteRunnerWorker.java:86)
                        	at org.testng.TestNG.runSuitesSequentially(TestNG.java:1264)
                        	at org.testng.TestNG.runSuitesLocally(TestNG.java:1189)
                        	at org.testng.TestNG.runSuites(TestNG.java:1104)
                        	at org.testng.TestNG.run(TestNG.java:1076)
                        	at org.testng.TestNG.privateMain(TestNG.java:1405)
                        	at org.testng.TestNG.main(TestNG.java:1374)
                        Caused by: java.lang.ArrayIndexOutOfBoundsException: 0
                        	at com.Nagarro.nagp.selenium.testSuites.TestSuite.commonDataProvider(TestSuite.java:78)
                        	at sun.reflect.NativeMethodAccessorImpl.invoke0(Native Method)
                        	at sun.reflect.NativeMethodAccessorImpl.invoke(Unknown Source)
                        	at sun.reflect.DelegatingMethodAccessorImpl.invoke(Unknown Source)
                        	at java.lang.reflect.Method.invoke(Unknown Source)
                        	at org.testng.internal.MethodInvocationHelper.invokeMethod(MethodInvocationHelper.java:100)
                        	at org.testng.internal.MethodInvocationHelper.invokeMethod(MethodInvocationHelper.java:51)
                        	at org.testng.internal.MethodInvocationHelper.invokeMethodNoCheckedException(MethodInvocationHelper.java:41)
                        	... 21 more
                     </pre>
                  </div>
               </td>
            </tr>
            <tr id="com.Nagarro.nagp.selenium.testSuites.TestSuite_TC02_byStatus_skiped_SKIP2_row"
                class="testMethodStatusSKIP">
               <td width="100%" class="firstMethodCell">
                  <a onclick="toggleDetailsVisibility('com.Nagarro.nagp.selenium.testSuites.TestSuite_TC02_byStatus_skiped_SKIP2_details')">TC02()</a>
               </td>
               <td nowrap="true">14:01:49</td>
               <td nowrap="true" align="right">0 ms
                  
               </td>
               <td nowrap="true">
                  <a onclick="toggleDetailsVisibility('com.Nagarro.nagp.selenium.testSuites.TestSuite_TC02_byStatus_skiped_SKIP2_exception')">java.lang.Throwable: 
                     Method TestSuite.TC02(java.lang.String, java.lang.String, java.lang.String)[pri:0, instance:com.Nagarro.nagp.selenium.testSuites.TestSuite@7a1ebcd8]
                     depends on not successfully finished methods
                     
                  </a>
                   
                  
               </td>
            </tr>
            <tr>
               <td colspan="4" class="detailsBox">
                  <div id="com.Nagarro.nagp.selenium.testSuites.TestSuite_TC02_byStatus_skiped_SKIP2_details"
                       class="testMethodDetails">
                     <div>
                        <b>Name: </b>TC02
                     </div>
                     <div>
                        <b>Description: </b>Test case to create a one way trip for given number of passengers and locations
                     </div>
                     <div>
                        <b>Signature: </b>TC02(java.lang.String, java.lang.String, java.lang.String)[pri:0, instance:com.Nagarro.nagp.selenium.testSuites.TestSuite@7a1ebcd8]
                     </div>
                     <div>
                        <b>Start time: </b>14:01:49
                     </div>
                     <div>
                        <b>End time: </b>14:01:49
                     </div>
                     <div>
                        <b>Duration: </b>0 ms
                        
                     </div>
                     <div>
                        <b>Depends on methods:
                           
                        </b>
                        <div>
                               -
                           com.Nagarro.nagp.selenium.testSuites.TestSuite.TC01
                        </div>
                     </div>
                  </div>
               </td>
            </tr>
            <tr>
               <td colspan="4" class="detailsBox">
                  <div id="com.Nagarro.nagp.selenium.testSuites.TestSuite_TC02_byStatus_skiped_SKIP2_exception"
                       class="testMethodDetails">
                     <pre style="padding: 5px; margin: 0;">java.lang.Throwable: Method TestSuite.TC02(java.lang.String, java.lang.String, java.lang.String)[pri:0, instance:com.Nagarro.nagp.selenium.testSuites.TestSuite@7a1ebcd8]
                        depends on not successfully finished methods
                        	at org.testng.internal.Invoker.invokeTestMethods(Invoker.java:1028)
                        	at org.testng.internal.TestMethodWorker.invokeTestMethods(TestMethodWorker.java:129)
                        	at org.testng.internal.TestMethodWorker.run(TestMethodWorker.java:112)
                        	at org.testng.TestRunner.privateRun(TestRunner.java:746)
                        	at org.testng.TestRunner.run(TestRunner.java:600)
                        	at org.testng.SuiteRunner.runTest(SuiteRunner.java:366)
                        	at org.testng.SuiteRunner.runSequentially(SuiteRunner.java:361)
                        	at org.testng.SuiteRunner.privateRun(SuiteRunner.java:319)
                        	at org.testng.SuiteRunner.run(SuiteRunner.java:268)
                        	at org.testng.SuiteRunnerWorker.runSuite(SuiteRunnerWorker.java:52)
                        	at org.testng.SuiteRunnerWorker.run(SuiteRunnerWorker.java:86)
                        	at org.testng.TestNG.runSuitesSequentially(TestNG.java:1264)
                        	at org.testng.TestNG.runSuitesLocally(TestNG.java:1189)
                        	at org.testng.TestNG.runSuites(TestNG.java:1104)
                        	at org.testng.TestNG.run(TestNG.java:1076)
                        	at org.testng.TestNG.privateMain(TestNG.java:1405)
                        	at org.testng.TestNG.main(TestNG.java:1374)
                     </pre>
                  </div>
               </td>
            </tr>
            <tr id="com.Nagarro.nagp.selenium.testSuites.TestSuite_TC03_byStatus_skiped_SKIP3_row"
                class="testMethodStatusSKIP">
               <td width="100%" class="firstMethodCell">
                  <a onclick="toggleDetailsVisibility('com.Nagarro.nagp.selenium.testSuites.TestSuite_TC03_byStatus_skiped_SKIP3_details')">TC03()</a>
               </td>
               <td nowrap="true">14:01:49</td>
               <td nowrap="true" align="right">0 ms
                  
               </td>
               <td nowrap="true">
                  <a onclick="toggleDetailsVisibility('com.Nagarro.nagp.selenium.testSuites.TestSuite_TC03_byStatus_skiped_SKIP3_exception')">java.lang.Throwable: 
                     Method TestSuite.TC03(java.lang.String, java.lang.String)[pri:0, instance:com.Nagarro.nagp.selenium.testSuites.TestSuite@7a1ebcd8]
                     depends on not successfully finished methods
                     
                  </a>
                   
                  
               </td>
            </tr>
            <tr>
               <td colspan="4" class="detailsBox">
                  <div id="com.Nagarro.nagp.selenium.testSuites.TestSuite_TC03_byStatus_skiped_SKIP3_details"
                       class="testMethodDetails">
                     <div>
                        <b>Name: </b>TC03
                     </div>
                     <div>
                        <b>Description: </b>Test case to verify user is able to select flights for the trip
                     </div>
                     <div>
                        <b>Signature: </b>TC03(java.lang.String, java.lang.String)[pri:0, instance:com.Nagarro.nagp.selenium.testSuites.TestSuite@7a1ebcd8]
                     </div>
                     <div>
                        <b>Start time: </b>14:01:49
                     </div>
                     <div>
                        <b>End time: </b>14:01:49
                     </div>
                     <div>
                        <b>Duration: </b>0 ms
                        
                     </div>
                     <div>
                        <b>Depends on methods:
                           
                        </b>
                        <div>
                               -
                           com.Nagarro.nagp.selenium.testSuites.TestSuite.TC02
                        </div>
                     </div>
                  </div>
               </td>
            </tr>
            <tr>
               <td colspan="4" class="detailsBox">
                  <div id="com.Nagarro.nagp.selenium.testSuites.TestSuite_TC03_byStatus_skiped_SKIP3_exception"
                       class="testMethodDetails">
                     <pre style="padding: 5px; margin: 0;">java.lang.Throwable: Method TestSuite.TC03(java.lang.String, java.lang.String)[pri:0, instance:com.Nagarro.nagp.selenium.testSuites.TestSuite@7a1ebcd8]
                        depends on not successfully finished methods
                        	at org.testng.internal.Invoker.invokeTestMethods(Invoker.java:1028)
                        	at org.testng.internal.TestMethodWorker.invokeTestMethods(TestMethodWorker.java:129)
                        	at org.testng.internal.TestMethodWorker.run(TestMethodWorker.java:112)
                        	at org.testng.TestRunner.privateRun(TestRunner.java:746)
                        	at org.testng.TestRunner.run(TestRunner.java:600)
                        	at org.testng.SuiteRunner.runTest(SuiteRunner.java:366)
                        	at org.testng.SuiteRunner.runSequentially(SuiteRunner.java:361)
                        	at org.testng.SuiteRunner.privateRun(SuiteRunner.java:319)
                        	at org.testng.SuiteRunner.run(SuiteRunner.java:268)
                        	at org.testng.SuiteRunnerWorker.runSuite(SuiteRunnerWorker.java:52)
                        	at org.testng.SuiteRunnerWorker.run(SuiteRunnerWorker.java:86)
                        	at org.testng.TestNG.runSuitesSequentially(TestNG.java:1264)
                        	at org.testng.TestNG.runSuitesLocally(TestNG.java:1189)
                        	at org.testng.TestNG.runSuites(TestNG.java:1104)
                        	at org.testng.TestNG.run(TestNG.java:1076)
                        	at org.testng.TestNG.privateMain(TestNG.java:1405)
                        	at org.testng.TestNG.main(TestNG.java:1374)
                     </pre>
                  </div>
               </td>
            </tr>
         </table>
      </div>
      <div id="testMethodsByClass" style="display: none;">
         <table class="testMethodsTable" cellpadding="0" cellspacing="0">
            <tr>
               <td colspan="4">
                  <h3 style="display: inline;">com.Nagarro.nagp.selenium.testSuites.TestSuite</h3>
               </td>
            </tr>
            <tr class="methodsTableHeader">
               <td width="100%">Name</td>
               <td nowrap="true">Started</td>
               <td nowrap="true">Duration</td>
               <td>Exception</td>
            </tr>
            <tr id="com.Nagarro.nagp.selenium.testSuites.TestSuite_setUp_byClass_PASS1_row"
                class="testMethodStatusPASS testMethodStatusCONF">
               <td width="100%" class="firstMethodCell">
                  <a onclick="toggleDetailsVisibility('com.Nagarro.nagp.selenium.testSuites.TestSuite_setUp_byClass_PASS1_details')">setUp()</a>
               </td>
               <td nowrap="true">14:01:43</td>
               <td nowrap="true" align="right">5s
                  
               </td>
               <td nowrap="true">
                   
                  
               </td>
            </tr>
            <tr>
               <td colspan="4" class="detailsBox">
                  <div id="com.Nagarro.nagp.selenium.testSuites.TestSuite_setUp_byClass_PASS1_details"
                       class="testMethodDetails">
                     <div>
                        <b>Name: </b>setUp
                     </div>
                     <div>
                        <b>Signature: </b>setUp()[pri:0, instance:com.Nagarro.nagp.selenium.testSuites.TestSuite@7a1ebcd8]
                     </div>
                     <div>
                        <b>Start time: </b>14:01:43
                     </div>
                     <div>
                        <b>End time: </b>14:01:49
                     </div>
                     <div>
                        <b>Duration: </b>5s
                        
                     </div>
                  </div>
               </td>
            </tr>
            <tr></tr>
            <tr id="com.Nagarro.nagp.selenium.testSuites.TestSuite_TC01_byClass_SKIP2_row"
                class="testMethodStatusSKIP">
               <td width="100%" class="firstMethodCell">
                  <a onclick="toggleDetailsVisibility('com.Nagarro.nagp.selenium.testSuites.TestSuite_TC01_byClass_SKIP2_details')">TC01()</a>
               </td>
               <td nowrap="true">14:01:49</td>
               <td nowrap="true" align="right">0 ms
                  
               </td>
               <td nowrap="true">
                  <a onclick="toggleDetailsVisibility('com.Nagarro.nagp.selenium.testSuites.TestSuite_TC01_byClass_SKIP2_exception')">java.lang.RuntimeException: 
                     java.lang.ArrayIndexOutOfBoundsException: 0
                     
                  </a>
                   
                  
               </td>
            </tr>
            <tr>
               <td colspan="4" class="detailsBox">
                  <div id="com.Nagarro.nagp.selenium.testSuites.TestSuite_TC01_byClass_SKIP2_details"
                       class="testMethodDetails">
                     <div>
                        <b>Name: </b>TC01
                     </div>
                     <div>
                        <b>Signature: </b>TC01(java.util.Hashtable)[pri:0, instance:com.Nagarro.nagp.selenium.testSuites.TestSuite@7a1ebcd8]
                     </div>
                     <div>
                        <b>Start time: </b>14:01:49
                     </div>
                     <div>
                        <b>End time: </b>14:01:49
                     </div>
                     <div>
                        <b>Duration: </b>0 ms
                        
                     </div>
                  </div>
               </td>
            </tr>
            <tr>
               <td colspan="4" class="detailsBox">
                  <div id="com.Nagarro.nagp.selenium.testSuites.TestSuite_TC01_byClass_SKIP2_exception"
                       class="testMethodDetails">
                     <pre style="padding: 5px; margin: 0;">java.lang.RuntimeException: java.lang.ArrayIndexOutOfBoundsException: 0
                        	at org.testng.internal.MethodInvocationHelper.invokeMethodNoCheckedException(MethodInvocationHelper.java:45)
                        	at org.testng.internal.MethodInvocationHelper.invokeDataProvider(MethodInvocationHelper.java:110)
                        	at org.testng.internal.Parameters.handleParameters(Parameters.java:429)
                        	at org.testng.internal.Invoker.handleParameters(Invoker.java:1240)
                        	at org.testng.internal.Invoker.createParameters(Invoker.java:980)
                        	at org.testng.internal.Invoker.invokeTestMethods(Invoker.java:1070)
                        	at org.testng.internal.TestMethodWorker.invokeTestMethods(TestMethodWorker.java:129)
                        	at org.testng.internal.TestMethodWorker.run(TestMethodWorker.java:112)
                        	at org.testng.TestRunner.privateRun(TestRunner.java:746)
                        	at org.testng.TestRunner.run(TestRunner.java:600)
                        	at org.testng.SuiteRunner.runTest(SuiteRunner.java:366)
                        	at org.testng.SuiteRunner.runSequentially(SuiteRunner.java:361)
                        	at org.testng.SuiteRunner.privateRun(SuiteRunner.java:319)
                        	at org.testng.SuiteRunner.run(SuiteRunner.java:268)
                        	at org.testng.SuiteRunnerWorker.runSuite(SuiteRunnerWorker.java:52)
                        	at org.testng.SuiteRunnerWorker.run(SuiteRunnerWorker.java:86)
                        	at org.testng.TestNG.runSuitesSequentially(TestNG.java:1264)
                        	at org.testng.TestNG.runSuitesLocally(TestNG.java:1189)
                        	at org.testng.TestNG.runSuites(TestNG.java:1104)
                        	at org.testng.TestNG.run(TestNG.java:1076)
                        	at org.testng.TestNG.privateMain(TestNG.java:1405)
                        	at org.testng.TestNG.main(TestNG.java:1374)
                        Caused by: java.lang.ArrayIndexOutOfBoundsException: 0
                        	at com.Nagarro.nagp.selenium.testSuites.TestSuite.commonDataProvider(TestSuite.java:78)
                        	at sun.reflect.NativeMethodAccessorImpl.invoke0(Native Method)
                        	at sun.reflect.NativeMethodAccessorImpl.invoke(Unknown Source)
                        	at sun.reflect.DelegatingMethodAccessorImpl.invoke(Unknown Source)
                        	at java.lang.reflect.Method.invoke(Unknown Source)
                        	at org.testng.internal.MethodInvocationHelper.invokeMethod(MethodInvocationHelper.java:100)
                        	at org.testng.internal.MethodInvocationHelper.invokeMethod(MethodInvocationHelper.java:51)
                        	at org.testng.internal.MethodInvocationHelper.invokeMethodNoCheckedException(MethodInvocationHelper.java:41)
                        	... 21 more
                     </pre>
                  </div>
               </td>
            </tr>
            <tr id="com.Nagarro.nagp.selenium.testSuites.TestSuite_TC02_byClass_SKIP3_row"
                class="testMethodStatusSKIP">
               <td width="100%" class="firstMethodCell">
                  <a onclick="toggleDetailsVisibility('com.Nagarro.nagp.selenium.testSuites.TestSuite_TC02_byClass_SKIP3_details')">TC02()</a>
               </td>
               <td nowrap="true">14:01:49</td>
               <td nowrap="true" align="right">0 ms
                  
               </td>
               <td nowrap="true">
                  <a onclick="toggleDetailsVisibility('com.Nagarro.nagp.selenium.testSuites.TestSuite_TC02_byClass_SKIP3_exception')">java.lang.Throwable: 
                     Method TestSuite.TC02(java.lang.String, java.lang.String, java.lang.String)[pri:0, instance:com.Nagarro.nagp.selenium.testSuites.TestSuite@7a1ebcd8]
                     depends on not successfully finished methods
                     
                  </a>
                   
                  
               </td>
            </tr>
            <tr>
               <td colspan="4" class="detailsBox">
                  <div id="com.Nagarro.nagp.selenium.testSuites.TestSuite_TC02_byClass_SKIP3_details"
                       class="testMethodDetails">
                     <div>
                        <b>Name: </b>TC02
                     </div>
                     <div>
                        <b>Description: </b>Test case to create a one way trip for given number of passengers and locations
                     </div>
                     <div>
                        <b>Signature: </b>TC02(java.lang.String, java.lang.String, java.lang.String)[pri:0, instance:com.Nagarro.nagp.selenium.testSuites.TestSuite@7a1ebcd8]
                     </div>
                     <div>
                        <b>Start time: </b>14:01:49
                     </div>
                     <div>
                        <b>End time: </b>14:01:49
                     </div>
                     <div>
                        <b>Duration: </b>0 ms
                        
                     </div>
                     <div>
                        <b>Depends on methods:
                           
                        </b>
                        <div>
                               -
                           com.Nagarro.nagp.selenium.testSuites.TestSuite.TC01
                        </div>
                     </div>
                  </div>
               </td>
            </tr>
            <tr>
               <td colspan="4" class="detailsBox">
                  <div id="com.Nagarro.nagp.selenium.testSuites.TestSuite_TC02_byClass_SKIP3_exception"
                       class="testMethodDetails">
                     <pre style="padding: 5px; margin: 0;">java.lang.Throwable: Method TestSuite.TC02(java.lang.String, java.lang.String, java.lang.String)[pri:0, instance:com.Nagarro.nagp.selenium.testSuites.TestSuite@7a1ebcd8]
                        depends on not successfully finished methods
                        	at org.testng.internal.Invoker.invokeTestMethods(Invoker.java:1028)
                        	at org.testng.internal.TestMethodWorker.invokeTestMethods(TestMethodWorker.java:129)
                        	at org.testng.internal.TestMethodWorker.run(TestMethodWorker.java:112)
                        	at org.testng.TestRunner.privateRun(TestRunner.java:746)
                        	at org.testng.TestRunner.run(TestRunner.java:600)
                        	at org.testng.SuiteRunner.runTest(SuiteRunner.java:366)
                        	at org.testng.SuiteRunner.runSequentially(SuiteRunner.java:361)
                        	at org.testng.SuiteRunner.privateRun(SuiteRunner.java:319)
                        	at org.testng.SuiteRunner.run(SuiteRunner.java:268)
                        	at org.testng.SuiteRunnerWorker.runSuite(SuiteRunnerWorker.java:52)
                        	at org.testng.SuiteRunnerWorker.run(SuiteRunnerWorker.java:86)
                        	at org.testng.TestNG.runSuitesSequentially(TestNG.java:1264)
                        	at org.testng.TestNG.runSuitesLocally(TestNG.java:1189)
                        	at org.testng.TestNG.runSuites(TestNG.java:1104)
                        	at org.testng.TestNG.run(TestNG.java:1076)
                        	at org.testng.TestNG.privateMain(TestNG.java:1405)
                        	at org.testng.TestNG.main(TestNG.java:1374)
                     </pre>
                  </div>
               </td>
            </tr>
            <tr id="com.Nagarro.nagp.selenium.testSuites.TestSuite_TC03_byClass_SKIP4_row"
                class="testMethodStatusSKIP">
               <td width="100%" class="firstMethodCell">
                  <a onclick="toggleDetailsVisibility('com.Nagarro.nagp.selenium.testSuites.TestSuite_TC03_byClass_SKIP4_details')">TC03()</a>
               </td>
               <td nowrap="true">14:01:49</td>
               <td nowrap="true" align="right">0 ms
                  
               </td>
               <td nowrap="true">
                  <a onclick="toggleDetailsVisibility('com.Nagarro.nagp.selenium.testSuites.TestSuite_TC03_byClass_SKIP4_exception')">java.lang.Throwable: 
                     Method TestSuite.TC03(java.lang.String, java.lang.String)[pri:0, instance:com.Nagarro.nagp.selenium.testSuites.TestSuite@7a1ebcd8]
                     depends on not successfully finished methods
                     
                  </a>
                   
                  
               </td>
            </tr>
            <tr>
               <td colspan="4" class="detailsBox">
                  <div id="com.Nagarro.nagp.selenium.testSuites.TestSuite_TC03_byClass_SKIP4_details"
                       class="testMethodDetails">
                     <div>
                        <b>Name: </b>TC03
                     </div>
                     <div>
                        <b>Description: </b>Test case to verify user is able to select flights for the trip
                     </div>
                     <div>
                        <b>Signature: </b>TC03(java.lang.String, java.lang.String)[pri:0, instance:com.Nagarro.nagp.selenium.testSuites.TestSuite@7a1ebcd8]
                     </div>
                     <div>
                        <b>Start time: </b>14:01:49
                     </div>
                     <div>
                        <b>End time: </b>14:01:49
                     </div>
                     <div>
                        <b>Duration: </b>0 ms
                        
                     </div>
                     <div>
                        <b>Depends on methods:
                           
                        </b>
                        <div>
                               -
                           com.Nagarro.nagp.selenium.testSuites.TestSuite.TC02
                        </div>
                     </div>
                  </div>
               </td>
            </tr>
            <tr>
               <td colspan="4" class="detailsBox">
                  <div id="com.Nagarro.nagp.selenium.testSuites.TestSuite_TC03_byClass_SKIP4_exception"
                       class="testMethodDetails">
                     <pre style="padding: 5px; margin: 0;">java.lang.Throwable: Method TestSuite.TC03(java.lang.String, java.lang.String)[pri:0, instance:com.Nagarro.nagp.selenium.testSuites.TestSuite@7a1ebcd8]
                        depends on not successfully finished methods
                        	at org.testng.internal.Invoker.invokeTestMethods(Invoker.java:1028)
                        	at org.testng.internal.TestMethodWorker.invokeTestMethods(TestMethodWorker.java:129)
                        	at org.testng.internal.TestMethodWorker.run(TestMethodWorker.java:112)
                        	at org.testng.TestRunner.privateRun(TestRunner.java:746)
                        	at org.testng.TestRunner.run(TestRunner.java:600)
                        	at org.testng.SuiteRunner.runTest(SuiteRunner.java:366)
                        	at org.testng.SuiteRunner.runSequentially(SuiteRunner.java:361)
                        	at org.testng.SuiteRunner.privateRun(SuiteRunner.java:319)
                        	at org.testng.SuiteRunner.run(SuiteRunner.java:268)
                        	at org.testng.SuiteRunnerWorker.runSuite(SuiteRunnerWorker.java:52)
                        	at org.testng.SuiteRunnerWorker.run(SuiteRunnerWorker.java:86)
                        	at org.testng.TestNG.runSuitesSequentially(TestNG.java:1264)
                        	at org.testng.TestNG.runSuitesLocally(TestNG.java:1189)
                        	at org.testng.TestNG.runSuites(TestNG.java:1104)
                        	at org.testng.TestNG.run(TestNG.java:1076)
                        	at org.testng.TestNG.privateMain(TestNG.java:1405)
                        	at org.testng.TestNG.main(TestNG.java:1374)
                     </pre>
                  </div>
               </td>
            </tr>
            <tr id="com.Nagarro.nagp.selenium.testSuites.TestSuite_tearDown_byClass_PASS5_row"
                class="testMethodStatusPASS testMethodStatusCONF">
               <td width="100%" class="firstMethodCell">
                  <a onclick="toggleDetailsVisibility('com.Nagarro.nagp.selenium.testSuites.TestSuite_tearDown_byClass_PASS5_details')">tearDown()</a>
               </td>
               <td nowrap="true">14:01:49</td>
               <td nowrap="true" align="right">1s
                  
               </td>
               <td nowrap="true">
                   
                  
               </td>
            </tr>
            <tr>
               <td colspan="4" class="detailsBox">
                  <div id="com.Nagarro.nagp.selenium.testSuites.TestSuite_tearDown_byClass_PASS5_details"
                       class="testMethodDetails">
                     <div>
                        <b>Name: </b>tearDown
                     </div>
                     <div>
                        <b>Signature: </b>tearDown()[pri:0, instance:com.Nagarro.nagp.selenium.testSuites.TestSuite@7a1ebcd8]
                     </div>
                     <div>
                        <b>Start time: </b>14:01:49
                     </div>
                     <div>
                        <b>End time: </b>14:01:50
                     </div>
                     <div>
                        <b>Duration: </b>1s
                        
                     </div>
                  </div>
               </td>
            </tr>
            <tr></tr>
         </table>
         <br></br>
      </div>
      <div style="margin-top: 15px; color: gray; text-align: center; font-size: 9px;">
         Generated with
         
         <a href="http://code.google.com/p/testng-xslt/" style="color: #8888aa;"
            target="_blank">
            TestNG XSLT
            
         </a>
      </div>
   </body>
</html>