<html xmlns:math="http://exslt.org/math" xmlns:testng="http://testng.org">
   <head>
      <title>TestNG Results</title>
      <meta http-equiv="content-type" content="text/html; charset=utf-8"></meta>
      <meta http-equiv="pragma" content="no-cache"></meta>
      <meta http-equiv="cache-control" content="max-age=0"></meta>
      <meta http-equiv="cache-control" content="no-cache"></meta>
      <meta http-equiv="cache-control" content="no-store"></meta>
      <LINK rel="stylesheet" href="style.css"></LINK>
      <script type="text/javascript" src="main.js"></script>
   </head>
   <body>
      <table width="100%" style="font-size: 16px; margin-bottom: 10px;" cellspacing="1">
         <tr>
            <td width="100%">
               All methods in suite
               
               <b>suite</b>
            </td>
            <td style="background-color: #FFBBBB; padding: 3px 3px 3px 0;" align="center">
               <div style="width: 50px;">0</div>
            </td>
            <td style="background-color: lightgreen; padding: 3px 3px 3px 0;" align="center">
               <div style="width: 50px;">3</div>
            </td>
            <td style="background-color: #FFFFBB; padding: 3px 3px 3px 0;" align="center">
               <div style="width: 50px;">0</div>
            </td>
            <td align="center" style="background-color: #eaf0f7; padding: 3px 3px 3px 0;">
               <div style="width: 50px;">3</div>
            </td>
            <td align="center"
                style="font-weight: bold; background-color: #eaf0f7; padding: 3px 3px 3px 0;">
               <div style="width: 50px;">100%</div>
            </td>
            <td style="background-color: #eaf0f7; padding: 3px 3px 3px 0;" align="center"
                nowrap="true">11s
               
            </td>
         </tr>
      </table>
      <div style="width: 200px;">
         <label for="groupMethodsCheckBox" style="font-weight: bold; margin: 0;">
            <input id="groupMethodsCheckBox" type="checkbox" onclick="switchTestMethodsView(this)"></input>
            Group by class
            
         </label>
         <br></br>
         <label for="methodsFilter_ALL" style="font-weight: bold; margin: 0;">
            <input id="methodsFilter_ALL" type="checkbox"
                   onclick="testMethodsFilterChanged(this, 'ALL')"></input>
            All
            
         </label>
      </div>
      <label for="methodsFilter_FAIL" style="margin-left: 20px;">
         <input id="methodsFilter_FAIL" type="checkbox"
                onclick="testMethodsFilterChanged(this, 'FAIL')"
                checked=""></input>
         Failed
         
      </label>
      <label for="methodsFilter_PASS">
         <input id="methodsFilter_PASS" type="checkbox"
                onclick="testMethodsFilterChanged(this, 'PASS')"
                checked=""></input>
         Passed
         
      </label>
      <label for="methodsFilter_SKIP">
         <input id="methodsFilter_SKIP" type="checkbox"
                onclick="testMethodsFilterChanged(this, 'SKIP')"
                checked=""></input>
         Skipped
         
      </label>
      <label for="methodsFilter_CONF">
         <input id="methodsFilter_CONF" type="checkbox"
                onclick="testMethodsFilterChanged(this, 'CONF')"></input>
         Config
         
      </label>
      <br></br>
      <div id="testMethodsByStatus">
         <table class="testMethodsTable" cellpadding="0" cellspacing="0">
            <tr class="methodsTableHeader">
               <td width="100%">Name</td>
               <td nowrap="true">Started</td>
               <td nowrap="true">Duration</td>
               <td>Exception</td>
            </tr>
            <tr id="com.Nagarro.nagp.selenium.testSuites.TestSuite_tearDown_byStatus_failed_FAIL1_row"
                class="testMethodStatusFAIL testMethodStatusCONF">
               <td width="100%" class="firstMethodCell">
                  <a onclick="toggleDetailsVisibility('com.Nagarro.nagp.selenium.testSuites.TestSuite_tearDown_byStatus_failed_FAIL1_details')">tearDown()</a>
               </td>
               <td nowrap="true">15:51:38</td>
               <td nowrap="true" align="right">0 ms
                  
               </td>
               <td nowrap="true">
                  <a onclick="toggleDetailsVisibility('com.Nagarro.nagp.selenium.testSuites.TestSuite_tearDown_byStatus_failed_FAIL1_exception')">java.lang.NoClassDefFoundError: 
                     net/sf/saxon/event/SourceLocationProvider
                     
                  </a>
                   
                  
               </td>
            </tr>
            <tr>
               <td colspan="4" class="detailsBox">
                  <div id="com.Nagarro.nagp.selenium.testSuites.TestSuite_tearDown_byStatus_failed_FAIL1_details"
                       class="testMethodDetails">
                     <div>
                        <b>Name: </b>tearDown
                     </div>
                     <div>
                        <b>Signature: </b>tearDown()[pri:0, instance:com.Nagarro.nagp.selenium.testSuites.TestSuite@7a1ebcd8]
                     </div>
                     <div>
                        <b>Start time: </b>15:51:38
                     </div>
                     <div>
                        <b>End time: </b>15:51:38
                     </div>
                     <div>
                        <b>Duration: </b>0 ms
                        
                     </div>
                  </div>
               </td>
            </tr>
            <tr>
               <td colspan="4" class="detailsBox">
                  <div id="com.Nagarro.nagp.selenium.testSuites.TestSuite_tearDown_byStatus_failed_FAIL1_exception"
                       class="testMethodDetails">
                     <pre style="padding: 5px; margin: 0;">java.lang.NoClassDefFoundError: net/sf/saxon/event/SourceLocationProvider
                        	at java.lang.ClassLoader.defineClass1(Native Method)
                        	at java.lang.ClassLoader.defineClass(Unknown Source)
                        	at java.security.SecureClassLoader.defineClass(Unknown Source)
                        	at java.net.URLClassLoader.defineClass(Unknown Source)
                        	at java.net.URLClassLoader.access$100(Unknown Source)
                        	at java.net.URLClassLoader$1.run(Unknown Source)
                        	at java.net.URLClassLoader$1.run(Unknown Source)
                        	at java.security.AccessController.doPrivileged(Native Method)
                        	at java.net.URLClassLoader.findClass(Unknown Source)
                        	at java.lang.ClassLoader.loadClass(Unknown Source)
                        	at sun.misc.Launcher$AppClassLoader.loadClass(Unknown Source)
                        	at java.lang.ClassLoader.loadClass(Unknown Source)
                        	at net.sf.saxon.dom.DOMObjectModel.sendSource(DOMObjectModel.java:108)
                        	at net.sf.saxon.event.Sender.send(Sender.java:176)
                        	at net.sf.saxon.IdentityTransformer.transform(IdentityTransformer.java:28)
                        	at org.apache.poi.openxml4j.opc.StreamHelper.saveXmlInStream(StreamHelper.java:80)
                        	at org.apache.poi.openxml4j.opc.internal.marshallers.ZipPartMarshaller.marshallRelationshipPart(ZipPartMarshaller.java:181)
                        	at org.apache.poi.openxml4j.opc.ZipPackage.saveImpl(ZipPackage.java:460)
                        	at org.apache.poi.openxml4j.opc.OPCPackage.save(OPCPackage.java:1467)
                        	at org.apache.poi.POIXMLDocument.write(POIXMLDocument.java:217)
                        	at com.Nagarro.nagp.selenium.excelSupport.Excel.saveExcelFile(Excel.java:241)
                        	at com.Nagarro.nagp.selenium.frameworkSupport.SetupTearDown.testResultHandler(SetupTearDown.java:272)
                        	at com.Nagarro.nagp.selenium.frameworkSupport.SetupTearDown.tearDown(SetupTearDown.java:164)
                        	at sun.reflect.NativeMethodAccessorImpl.invoke0(Native Method)
                        	at sun.reflect.NativeMethodAccessorImpl.invoke(Unknown Source)
                        	at sun.reflect.DelegatingMethodAccessorImpl.invoke(Unknown Source)
                        	at java.lang.reflect.Method.invoke(Unknown Source)
                        	at org.testng.internal.MethodInvocationHelper.invokeMethod(MethodInvocationHelper.java:100)
                        	at org.testng.internal.Invoker.invokeConfigurationMethod(Invoker.java:515)
                        	at org.testng.internal.Invoker.invokeConfigurations(Invoker.java:216)
                        	at org.testng.internal.Invoker.invokeConfigurations(Invoker.java:143)
                        	at org.testng.SuiteRunner.privateRun(SuiteRunner.java:336)
                        	at org.testng.SuiteRunner.run(SuiteRunner.java:268)
                        	at org.testng.SuiteRunnerWorker.runSuite(SuiteRunnerWorker.java:52)
                        	at org.testng.SuiteRunnerWorker.run(SuiteRunnerWorker.java:86)
                        	at org.testng.TestNG.runSuitesSequentially(TestNG.java:1264)
                        	at org.testng.TestNG.runSuitesLocally(TestNG.java:1189)
                        	at org.testng.TestNG.runSuites(TestNG.java:1104)
                        	at org.testng.TestNG.run(TestNG.java:1076)
                        	at org.testng.TestNG.privateMain(TestNG.java:1405)
                        	at org.testng.TestNG.main(TestNG.java:1374)
                        Caused by: java.lang.ClassNotFoundException: net.sf.saxon.event.SourceLocationProvider
                        	at java.net.URLClassLoader.findClass(Unknown Source)
                        	at java.lang.ClassLoader.loadClass(Unknown Source)
                        	at sun.misc.Launcher$AppClassLoader.loadClass(Unknown Source)
                        	at java.lang.ClassLoader.loadClass(Unknown Source)
                        	... 41 more
                     </pre>
                  </div>
               </td>
            </tr>
            <tr id="com.Nagarro.nagp.selenium.testSuites.TestSuite_setUp_byStatus_passed_PASS1_row"
                class="testMethodStatusPASS testMethodStatusCONF">
               <td width="100%" class="firstMethodCell">
                  <a onclick="toggleDetailsVisibility('com.Nagarro.nagp.selenium.testSuites.TestSuite_setUp_byStatus_passed_PASS1_details')">setUp()</a>
               </td>
               <td nowrap="true">15:51:19</td>
               <td nowrap="true" align="right">7s
                  
               </td>
               <td nowrap="true">
                   
                  
               </td>
            </tr>
            <tr>
               <td colspan="4" class="detailsBox">
                  <div id="com.Nagarro.nagp.selenium.testSuites.TestSuite_setUp_byStatus_passed_PASS1_details"
                       class="testMethodDetails">
                     <div>
                        <b>Name: </b>setUp
                     </div>
                     <div>
                        <b>Signature: </b>setUp()[pri:0, instance:com.Nagarro.nagp.selenium.testSuites.TestSuite@7a1ebcd8]
                     </div>
                     <div>
                        <b>Start time: </b>15:51:19
                     </div>
                     <div>
                        <b>End time: </b>15:51:27
                     </div>
                     <div>
                        <b>Duration: </b>7s
                        
                     </div>
                  </div>
               </td>
            </tr>
            <tr></tr>
            <tr id="com.Nagarro.nagp.selenium.testSuites.TestSuite_handleTestMethodName_byStatus_passed_PASS2_row"
                class="testMethodStatusPASS testMethodStatusCONF">
               <td width="100%" class="firstMethodCell">
                  <a onclick="toggleDetailsVisibility('com.Nagarro.nagp.selenium.testSuites.TestSuite_handleTestMethodName_byStatus_passed_PASS2_details')">handleTestMethodName(public void com.Nagarro.nagp.selenium.testSuites.TestSuite.TC01(java.lang.String,java.lang.String))</a>
               </td>
               <td nowrap="true">15:51:27</td>
               <td nowrap="true" align="right">1 ms
                  
               </td>
               <td nowrap="true">
                   
                  
               </td>
            </tr>
            <tr>
               <td colspan="4" class="detailsBox">
                  <div id="com.Nagarro.nagp.selenium.testSuites.TestSuite_handleTestMethodName_byStatus_passed_PASS2_details"
                       class="testMethodDetails">
                     <div>
                        <b>Name: </b>handleTestMethodName
                     </div>
                     <div>
                        <b>Signature: </b>handleTestMethodName(java.lang.reflect.Method)[pri:0, instance:com.Nagarro.nagp.selenium.testSuites.TestSuite@7a1ebcd8]
                     </div>
                     <div>
                        <b>Parameters: </b>
                        
                        public void com.Nagarro.nagp.selenium.testSuites.TestSuite.TC01(java.lang.String,java.lang.String)
                        
                        
                     </div>
                     <div>
                        <b>Start time: </b>15:51:27
                     </div>
                     <div>
                        <b>End time: </b>15:51:27
                     </div>
                     <div>
                        <b>Duration: </b>1 ms
                        
                     </div>
                  </div>
               </td>
            </tr>
            <tr></tr>
            <tr id="com.Nagarro.nagp.selenium.testSuites.TestSuite_TC01_byStatus_passed_PASS3_row"
                class="testMethodStatusPASS">
               <td width="100%" class="firstMethodCell">
                  <a onclick="toggleDetailsVisibility('com.Nagarro.nagp.selenium.testSuites.TestSuite_TC01_byStatus_passed_PASS3_details')">TC01(mercury
                     
                     ,
                     
                     mercury)
                  </a>
               </td>
               <td nowrap="true">15:51:27</td>
               <td nowrap="true" align="right">5s
                  
               </td>
               <td nowrap="true">
                   
                  
               </td>
            </tr>
            <tr>
               <td colspan="4" class="detailsBox">
                  <div id="com.Nagarro.nagp.selenium.testSuites.TestSuite_TC01_byStatus_passed_PASS3_details"
                       class="testMethodDetails">
                     <div>
                        <b>Name: </b>TC01
                     </div>
                     <div>
                        <b>Signature: </b>TC01(java.lang.String, java.lang.String)[pri:0, instance:com.Nagarro.nagp.selenium.testSuites.TestSuite@7a1ebcd8]
                     </div>
                     <div>
                        <b>Parameters: </b>
                        
                        mercury
                        
                        ,
                        
                        mercury
                        
                        
                     </div>
                     <div>
                        <b>Start time: </b>15:51:27
                     </div>
                     <div>
                        <b>End time: </b>15:51:32
                     </div>
                     <div>
                        <b>Duration: </b>5s
                        
                     </div>
                  </div>
               </td>
            </tr>
            <tr></tr>
            <tr id="com.Nagarro.nagp.selenium.testSuites.TestSuite_afterMethod_byStatus_passed_PASS4_row"
                class="testMethodStatusPASS testMethodStatusCONF">
               <td width="100%" class="firstMethodCell">
                  <a onclick="toggleDetailsVisibility('com.Nagarro.nagp.selenium.testSuites.TestSuite_afterMethod_byStatus_passed_PASS4_details')">afterMethod([TestResult name=TC01 status=SUCCESS method=TestSuite.TC01(java.lang.String, java.lang.String)[pri:0, instance:com.Nagarro.nagp.selenium.testSuites.TestSuite@7a1ebcd8]
                     output={null}]
                     
                     ,
                     
                     public void com.Nagarro.nagp.selenium.testSuites.TestSuite.TC01(java.lang.String,java.lang.String))
                  </a>
               </td>
               <td nowrap="true">15:51:32</td>
               <td nowrap="true" align="right">2 ms
                  
               </td>
               <td nowrap="true">
                   
                  
               </td>
            </tr>
            <tr>
               <td colspan="4" class="detailsBox">
                  <div id="com.Nagarro.nagp.selenium.testSuites.TestSuite_afterMethod_byStatus_passed_PASS4_details"
                       class="testMethodDetails">
                     <div>
                        <b>Name: </b>afterMethod
                     </div>
                     <div>
                        <b>Signature: </b>afterMethod(org.testng.ITestResult, java.lang.reflect.Method)[pri:0, instance:com.Nagarro.nagp.selenium.testSuites.TestSuite@7a1ebcd8]
                     </div>
                     <div>
                        <b>Parameters: </b>
                        
                        [TestResult name=TC01 status=SUCCESS method=TestSuite.TC01(java.lang.String, java.lang.String)[pri:0, instance:com.Nagarro.nagp.selenium.testSuites.TestSuite@7a1ebcd8]
                        output={null}]
                        
                        ,
                        
                        public void com.Nagarro.nagp.selenium.testSuites.TestSuite.TC01(java.lang.String,java.lang.String)
                        
                        
                     </div>
                     <div>
                        <b>Start time: </b>15:51:32
                     </div>
                     <div>
                        <b>End time: </b>15:51:32
                     </div>
                     <div>
                        <b>Duration: </b>2 ms
                        
                     </div>
                  </div>
               </td>
            </tr>
            <tr></tr>
            <tr id="com.Nagarro.nagp.selenium.testSuites.TestSuite_handleTestMethodName_byStatus_passed_PASS5_row"
                class="testMethodStatusPASS testMethodStatusCONF">
               <td width="100%" class="firstMethodCell">
                  <a onclick="toggleDetailsVisibility('com.Nagarro.nagp.selenium.testSuites.TestSuite_handleTestMethodName_byStatus_passed_PASS5_details')">handleTestMethodName(public void com.Nagarro.nagp.selenium.testSuites.TestSuite.TC02(java.lang.String,java.lang.String,java.lang.String)
                     throws java.lang.InterruptedException)
                  </a>
               </td>
               <td nowrap="true">15:51:32</td>
               <td nowrap="true" align="right">1 ms
                  
               </td>
               <td nowrap="true">
                   
                  
               </td>
            </tr>
            <tr>
               <td colspan="4" class="detailsBox">
                  <div id="com.Nagarro.nagp.selenium.testSuites.TestSuite_handleTestMethodName_byStatus_passed_PASS5_details"
                       class="testMethodDetails">
                     <div>
                        <b>Name: </b>handleTestMethodName
                     </div>
                     <div>
                        <b>Signature: </b>handleTestMethodName(java.lang.reflect.Method)[pri:0, instance:com.Nagarro.nagp.selenium.testSuites.TestSuite@7a1ebcd8]
                     </div>
                     <div>
                        <b>Parameters: </b>
                        
                        public void com.Nagarro.nagp.selenium.testSuites.TestSuite.TC02(java.lang.String,java.lang.String,java.lang.String) throws
                        java.lang.InterruptedException
                        
                        
                     </div>
                     <div>
                        <b>Start time: </b>15:51:32
                     </div>
                     <div>
                        <b>End time: </b>15:51:32
                     </div>
                     <div>
                        <b>Duration: </b>1 ms
                        
                     </div>
                  </div>
               </td>
            </tr>
            <tr></tr>
            <tr id="com.Nagarro.nagp.selenium.testSuites.TestSuite_TC02_byStatus_passed_PASS6_row"
                class="testMethodStatusPASS">
               <td width="100%" class="firstMethodCell">
                  <a onclick="toggleDetailsVisibility('com.Nagarro.nagp.selenium.testSuites.TestSuite_TC02_byStatus_passed_PASS6_details')">TC02(3
                     
                     ,
                     
                     London
                     
                     ,
                     
                     Frankfurt)
                  </a>
               </td>
               <td nowrap="true">15:51:32</td>
               <td nowrap="true" align="right">4s
                  
               </td>
               <td nowrap="true">
                   
                  
               </td>
            </tr>
            <tr>
               <td colspan="4" class="detailsBox">
                  <div id="com.Nagarro.nagp.selenium.testSuites.TestSuite_TC02_byStatus_passed_PASS6_details"
                       class="testMethodDetails">
                     <div>
                        <b>Name: </b>TC02
                     </div>
                     <div>
                        <b>Description: </b>Test case to create a one way trip for given number of passengers and locations
                     </div>
                     <div>
                        <b>Signature: </b>TC02(java.lang.String, java.lang.String, java.lang.String)[pri:0, instance:com.Nagarro.nagp.selenium.testSuites.TestSuite@7a1ebcd8]
                     </div>
                     <div>
                        <b>Parameters: </b>
                        
                        3
                        
                        ,
                        
                        London
                        
                        ,
                        
                        Frankfurt
                        
                        
                     </div>
                     <div>
                        <b>Start time: </b>15:51:32
                     </div>
                     <div>
                        <b>End time: </b>15:51:36
                     </div>
                     <div>
                        <b>Duration: </b>4s
                        
                     </div>
                     <div>
                        <b>Depends on methods:
                           
                        </b>
                        <div>
                               -
                           com.Nagarro.nagp.selenium.testSuites.TestSuite.TC01
                        </div>
                     </div>
                  </div>
               </td>
            </tr>
            <tr></tr>
            <tr id="com.Nagarro.nagp.selenium.testSuites.TestSuite_afterMethod_byStatus_passed_PASS7_row"
                class="testMethodStatusPASS testMethodStatusCONF">
               <td width="100%" class="firstMethodCell">
                  <a onclick="toggleDetailsVisibility('com.Nagarro.nagp.selenium.testSuites.TestSuite_afterMethod_byStatus_passed_PASS7_details')">afterMethod([TestResult name=TC02 status=SUCCESS method=TestSuite.TC02(java.lang.String, java.lang.String, java.lang.String)[pri:0,
                     instance:com.Nagarro.nagp.selenium.testSuites.TestSuite@7a1ebcd8] output={null}]
                     
                     ,
                     
                     public void com.Nagarro.nagp.selenium.testSuites.TestSuite.TC02(java.lang.String,java.lang.String,java.lang.String) throws
                     java.lang.InterruptedException)
                  </a>
               </td>
               <td nowrap="true">15:51:36</td>
               <td nowrap="true" align="right">0 ms
                  
               </td>
               <td nowrap="true">
                   
                  
               </td>
            </tr>
            <tr>
               <td colspan="4" class="detailsBox">
                  <div id="com.Nagarro.nagp.selenium.testSuites.TestSuite_afterMethod_byStatus_passed_PASS7_details"
                       class="testMethodDetails">
                     <div>
                        <b>Name: </b>afterMethod
                     </div>
                     <div>
                        <b>Signature: </b>afterMethod(org.testng.ITestResult, java.lang.reflect.Method)[pri:0, instance:com.Nagarro.nagp.selenium.testSuites.TestSuite@7a1ebcd8]
                     </div>
                     <div>
                        <b>Parameters: </b>
                        
                        [TestResult name=TC02 status=SUCCESS method=TestSuite.TC02(java.lang.String, java.lang.String, java.lang.String)[pri:0, instance:com.Nagarro.nagp.selenium.testSuites.TestSuite@7a1ebcd8]
                        output={null}]
                        
                        ,
                        
                        public void com.Nagarro.nagp.selenium.testSuites.TestSuite.TC02(java.lang.String,java.lang.String,java.lang.String) throws
                        java.lang.InterruptedException
                        
                        
                     </div>
                     <div>
                        <b>Start time: </b>15:51:36
                     </div>
                     <div>
                        <b>End time: </b>15:51:36
                     </div>
                     <div>
                        <b>Duration: </b>0 ms
                        
                     </div>
                  </div>
               </td>
            </tr>
            <tr></tr>
            <tr id="com.Nagarro.nagp.selenium.testSuites.TestSuite_TC03_byStatus_passed_PASS8_row"
                class="testMethodStatusPASS">
               <td width="100%" class="firstMethodCell">
                  <a onclick="toggleDetailsVisibility('com.Nagarro.nagp.selenium.testSuites.TestSuite_TC03_byStatus_passed_PASS8_details')">TC03(Pangaea Airlines 362
                     
                     ,
                     
                     Blue Skies Airlines 631)
                  </a>
               </td>
               <td nowrap="true">15:51:36</td>
               <td nowrap="true" align="right">1s
                  
               </td>
               <td nowrap="true">
                   
                  
               </td>
            </tr>
            <tr>
               <td colspan="4" class="detailsBox">
                  <div id="com.Nagarro.nagp.selenium.testSuites.TestSuite_TC03_byStatus_passed_PASS8_details"
                       class="testMethodDetails">
                     <div>
                        <b>Name: </b>TC03
                     </div>
                     <div>
                        <b>Description: </b>Test case to verify user is able to select flights for the trip
                     </div>
                     <div>
                        <b>Signature: </b>TC03(java.lang.String, java.lang.String)[pri:0, instance:com.Nagarro.nagp.selenium.testSuites.TestSuite@7a1ebcd8]
                     </div>
                     <div>
                        <b>Parameters: </b>
                        
                        Pangaea Airlines 362
                        
                        ,
                        
                        Blue Skies Airlines 631
                        
                        
                     </div>
                     <div>
                        <b>Start time: </b>15:51:36
                     </div>
                     <div>
                        <b>End time: </b>15:51:38
                     </div>
                     <div>
                        <b>Duration: </b>1s
                        
                     </div>
                     <div>
                        <b>Depends on methods:
                           
                        </b>
                        <div>
                               -
                           com.Nagarro.nagp.selenium.testSuites.TestSuite.TC02
                        </div>
                     </div>
                  </div>
               </td>
            </tr>
            <tr></tr>
            <tr id="com.Nagarro.nagp.selenium.testSuites.TestSuite_handleTestMethodName_byStatus_passed_PASS9_row"
                class="testMethodStatusPASS testMethodStatusCONF">
               <td width="100%" class="firstMethodCell">
                  <a onclick="toggleDetailsVisibility('com.Nagarro.nagp.selenium.testSuites.TestSuite_handleTestMethodName_byStatus_passed_PASS9_details')">handleTestMethodName(public void com.Nagarro.nagp.selenium.testSuites.TestSuite.TC03(java.lang.String,java.lang.String) throws
                     java.lang.InterruptedException)
                  </a>
               </td>
               <td nowrap="true">15:51:36</td>
               <td nowrap="true" align="right">0 ms
                  
               </td>
               <td nowrap="true">
                   
                  
               </td>
            </tr>
            <tr>
               <td colspan="4" class="detailsBox">
                  <div id="com.Nagarro.nagp.selenium.testSuites.TestSuite_handleTestMethodName_byStatus_passed_PASS9_details"
                       class="testMethodDetails">
                     <div>
                        <b>Name: </b>handleTestMethodName
                     </div>
                     <div>
                        <b>Signature: </b>handleTestMethodName(java.lang.reflect.Method)[pri:0, instance:com.Nagarro.nagp.selenium.testSuites.TestSuite@7a1ebcd8]
                     </div>
                     <div>
                        <b>Parameters: </b>
                        
                        public void com.Nagarro.nagp.selenium.testSuites.TestSuite.TC03(java.lang.String,java.lang.String) throws java.lang.InterruptedException
                        
                        
                     </div>
                     <div>
                        <b>Start time: </b>15:51:36
                     </div>
                     <div>
                        <b>End time: </b>15:51:36
                     </div>
                     <div>
                        <b>Duration: </b>0 ms
                        
                     </div>
                  </div>
               </td>
            </tr>
            <tr></tr>
            <tr id="com.Nagarro.nagp.selenium.testSuites.TestSuite_afterMethod_byStatus_passed_PASS10_row"
                class="testMethodStatusPASS testMethodStatusCONF">
               <td width="100%" class="firstMethodCell">
                  <a onclick="toggleDetailsVisibility('com.Nagarro.nagp.selenium.testSuites.TestSuite_afterMethod_byStatus_passed_PASS10_details')">afterMethod([TestResult name=TC03 status=SUCCESS method=TestSuite.TC03(java.lang.String, java.lang.String)[pri:0, instance:com.Nagarro.nagp.selenium.testSuites.TestSuite@7a1ebcd8]
                     output={null}]
                     
                     ,
                     
                     public void com.Nagarro.nagp.selenium.testSuites.TestSuite.TC03(java.lang.String,java.lang.String) throws java.lang.InterruptedException)
                  </a>
               </td>
               <td nowrap="true">15:51:38</td>
               <td nowrap="true" align="right">0 ms
                  
               </td>
               <td nowrap="true">
                   
                  
               </td>
            </tr>
            <tr>
               <td colspan="4" class="detailsBox">
                  <div id="com.Nagarro.nagp.selenium.testSuites.TestSuite_afterMethod_byStatus_passed_PASS10_details"
                       class="testMethodDetails">
                     <div>
                        <b>Name: </b>afterMethod
                     </div>
                     <div>
                        <b>Signature: </b>afterMethod(org.testng.ITestResult, java.lang.reflect.Method)[pri:0, instance:com.Nagarro.nagp.selenium.testSuites.TestSuite@7a1ebcd8]
                     </div>
                     <div>
                        <b>Parameters: </b>
                        
                        [TestResult name=TC03 status=SUCCESS method=TestSuite.TC03(java.lang.String, java.lang.String)[pri:0, instance:com.Nagarro.nagp.selenium.testSuites.TestSuite@7a1ebcd8]
                        output={null}]
                        
                        ,
                        
                        public void com.Nagarro.nagp.selenium.testSuites.TestSuite.TC03(java.lang.String,java.lang.String) throws java.lang.InterruptedException
                        
                        
                     </div>
                     <div>
                        <b>Start time: </b>15:51:38
                     </div>
                     <div>
                        <b>End time: </b>15:51:38
                     </div>
                     <div>
                        <b>Duration: </b>0 ms
                        
                     </div>
                  </div>
               </td>
            </tr>
            <tr></tr>
         </table>
      </div>
      <div id="testMethodsByClass" style="display: none;">
         <table class="testMethodsTable" cellpadding="0" cellspacing="0">
            <tr>
               <td colspan="4">
                  <h3 style="display: inline;">com.Nagarro.nagp.selenium.testSuites.TestSuite</h3>
               </td>
            </tr>
            <tr class="methodsTableHeader">
               <td width="100%">Name</td>
               <td nowrap="true">Started</td>
               <td nowrap="true">Duration</td>
               <td>Exception</td>
            </tr>
            <tr id="com.Nagarro.nagp.selenium.testSuites.TestSuite_setUp_byClass_PASS1_row"
                class="testMethodStatusPASS testMethodStatusCONF">
               <td width="100%" class="firstMethodCell">
                  <a onclick="toggleDetailsVisibility('com.Nagarro.nagp.selenium.testSuites.TestSuite_setUp_byClass_PASS1_details')">setUp()</a>
               </td>
               <td nowrap="true">15:51:19</td>
               <td nowrap="true" align="right">7s
                  
               </td>
               <td nowrap="true">
                   
                  
               </td>
            </tr>
            <tr>
               <td colspan="4" class="detailsBox">
                  <div id="com.Nagarro.nagp.selenium.testSuites.TestSuite_setUp_byClass_PASS1_details"
                       class="testMethodDetails">
                     <div>
                        <b>Name: </b>setUp
                     </div>
                     <div>
                        <b>Signature: </b>setUp()[pri:0, instance:com.Nagarro.nagp.selenium.testSuites.TestSuite@7a1ebcd8]
                     </div>
                     <div>
                        <b>Start time: </b>15:51:19
                     </div>
                     <div>
                        <b>End time: </b>15:51:27
                     </div>
                     <div>
                        <b>Duration: </b>7s
                        
                     </div>
                  </div>
               </td>
            </tr>
            <tr></tr>
            <tr id="com.Nagarro.nagp.selenium.testSuites.TestSuite_handleTestMethodName_byClass_PASS2_row"
                class="testMethodStatusPASS testMethodStatusCONF">
               <td width="100%" class="firstMethodCell">
                  <a onclick="toggleDetailsVisibility('com.Nagarro.nagp.selenium.testSuites.TestSuite_handleTestMethodName_byClass_PASS2_details')">handleTestMethodName(public void com.Nagarro.nagp.selenium.testSuites.TestSuite.TC01(java.lang.String,java.lang.String))</a>
               </td>
               <td nowrap="true">15:51:27</td>
               <td nowrap="true" align="right">1 ms
                  
               </td>
               <td nowrap="true">
                   
                  
               </td>
            </tr>
            <tr>
               <td colspan="4" class="detailsBox">
                  <div id="com.Nagarro.nagp.selenium.testSuites.TestSuite_handleTestMethodName_byClass_PASS2_details"
                       class="testMethodDetails">
                     <div>
                        <b>Name: </b>handleTestMethodName
                     </div>
                     <div>
                        <b>Signature: </b>handleTestMethodName(java.lang.reflect.Method)[pri:0, instance:com.Nagarro.nagp.selenium.testSuites.TestSuite@7a1ebcd8]
                     </div>
                     <div>
                        <b>Parameters: </b>
                        
                        public void com.Nagarro.nagp.selenium.testSuites.TestSuite.TC01(java.lang.String,java.lang.String)
                        
                        
                     </div>
                     <div>
                        <b>Start time: </b>15:51:27
                     </div>
                     <div>
                        <b>End time: </b>15:51:27
                     </div>
                     <div>
                        <b>Duration: </b>1 ms
                        
                     </div>
                  </div>
               </td>
            </tr>
            <tr></tr>
            <tr id="com.Nagarro.nagp.selenium.testSuites.TestSuite_TC01_byClass_PASS3_row"
                class="testMethodStatusPASS">
               <td width="100%" class="firstMethodCell">
                  <a onclick="toggleDetailsVisibility('com.Nagarro.nagp.selenium.testSuites.TestSuite_TC01_byClass_PASS3_details')">TC01(mercury
                     
                     ,
                     
                     mercury)
                  </a>
               </td>
               <td nowrap="true">15:51:27</td>
               <td nowrap="true" align="right">5s
                  
               </td>
               <td nowrap="true">
                   
                  
               </td>
            </tr>
            <tr>
               <td colspan="4" class="detailsBox">
                  <div id="com.Nagarro.nagp.selenium.testSuites.TestSuite_TC01_byClass_PASS3_details"
                       class="testMethodDetails">
                     <div>
                        <b>Name: </b>TC01
                     </div>
                     <div>
                        <b>Signature: </b>TC01(java.lang.String, java.lang.String)[pri:0, instance:com.Nagarro.nagp.selenium.testSuites.TestSuite@7a1ebcd8]
                     </div>
                     <div>
                        <b>Parameters: </b>
                        
                        mercury
                        
                        ,
                        
                        mercury
                        
                        
                     </div>
                     <div>
                        <b>Start time: </b>15:51:27
                     </div>
                     <div>
                        <b>End time: </b>15:51:32
                     </div>
                     <div>
                        <b>Duration: </b>5s
                        
                     </div>
                  </div>
               </td>
            </tr>
            <tr></tr>
            <tr id="com.Nagarro.nagp.selenium.testSuites.TestSuite_afterMethod_byClass_PASS4_row"
                class="testMethodStatusPASS testMethodStatusCONF">
               <td width="100%" class="firstMethodCell">
                  <a onclick="toggleDetailsVisibility('com.Nagarro.nagp.selenium.testSuites.TestSuite_afterMethod_byClass_PASS4_details')">afterMethod([TestResult name=TC01 status=SUCCESS method=TestSuite.TC01(java.lang.String, java.lang.String)[pri:0, instance:com.Nagarro.nagp.selenium.testSuites.TestSuite@7a1ebcd8]
                     output={null}]
                     
                     ,
                     
                     public void com.Nagarro.nagp.selenium.testSuites.TestSuite.TC01(java.lang.String,java.lang.String))
                  </a>
               </td>
               <td nowrap="true">15:51:32</td>
               <td nowrap="true" align="right">2 ms
                  
               </td>
               <td nowrap="true">
                   
                  
               </td>
            </tr>
            <tr>
               <td colspan="4" class="detailsBox">
                  <div id="com.Nagarro.nagp.selenium.testSuites.TestSuite_afterMethod_byClass_PASS4_details"
                       class="testMethodDetails">
                     <div>
                        <b>Name: </b>afterMethod
                     </div>
                     <div>
                        <b>Signature: </b>afterMethod(org.testng.ITestResult, java.lang.reflect.Method)[pri:0, instance:com.Nagarro.nagp.selenium.testSuites.TestSuite@7a1ebcd8]
                     </div>
                     <div>
                        <b>Parameters: </b>
                        
                        [TestResult name=TC01 status=SUCCESS method=TestSuite.TC01(java.lang.String, java.lang.String)[pri:0, instance:com.Nagarro.nagp.selenium.testSuites.TestSuite@7a1ebcd8]
                        output={null}]
                        
                        ,
                        
                        public void com.Nagarro.nagp.selenium.testSuites.TestSuite.TC01(java.lang.String,java.lang.String)
                        
                        
                     </div>
                     <div>
                        <b>Start time: </b>15:51:32
                     </div>
                     <div>
                        <b>End time: </b>15:51:32
                     </div>
                     <div>
                        <b>Duration: </b>2 ms
                        
                     </div>
                  </div>
               </td>
            </tr>
            <tr></tr>
            <tr id="com.Nagarro.nagp.selenium.testSuites.TestSuite_handleTestMethodName_byClass_PASS5_row"
                class="testMethodStatusPASS testMethodStatusCONF">
               <td width="100%" class="firstMethodCell">
                  <a onclick="toggleDetailsVisibility('com.Nagarro.nagp.selenium.testSuites.TestSuite_handleTestMethodName_byClass_PASS5_details')">handleTestMethodName(public void com.Nagarro.nagp.selenium.testSuites.TestSuite.TC02(java.lang.String,java.lang.String,java.lang.String)
                     throws java.lang.InterruptedException)
                  </a>
               </td>
               <td nowrap="true">15:51:32</td>
               <td nowrap="true" align="right">1 ms
                  
               </td>
               <td nowrap="true">
                   
                  
               </td>
            </tr>
            <tr>
               <td colspan="4" class="detailsBox">
                  <div id="com.Nagarro.nagp.selenium.testSuites.TestSuite_handleTestMethodName_byClass_PASS5_details"
                       class="testMethodDetails">
                     <div>
                        <b>Name: </b>handleTestMethodName
                     </div>
                     <div>
                        <b>Signature: </b>handleTestMethodName(java.lang.reflect.Method)[pri:0, instance:com.Nagarro.nagp.selenium.testSuites.TestSuite@7a1ebcd8]
                     </div>
                     <div>
                        <b>Parameters: </b>
                        
                        public void com.Nagarro.nagp.selenium.testSuites.TestSuite.TC02(java.lang.String,java.lang.String,java.lang.String) throws
                        java.lang.InterruptedException
                        
                        
                     </div>
                     <div>
                        <b>Start time: </b>15:51:32
                     </div>
                     <div>
                        <b>End time: </b>15:51:32
                     </div>
                     <div>
                        <b>Duration: </b>1 ms
                        
                     </div>
                  </div>
               </td>
            </tr>
            <tr></tr>
            <tr id="com.Nagarro.nagp.selenium.testSuites.TestSuite_TC02_byClass_PASS6_row"
                class="testMethodStatusPASS">
               <td width="100%" class="firstMethodCell">
                  <a onclick="toggleDetailsVisibility('com.Nagarro.nagp.selenium.testSuites.TestSuite_TC02_byClass_PASS6_details')">TC02(3
                     
                     ,
                     
                     London
                     
                     ,
                     
                     Frankfurt)
                  </a>
               </td>
               <td nowrap="true">15:51:32</td>
               <td nowrap="true" align="right">4s
                  
               </td>
               <td nowrap="true">
                   
                  
               </td>
            </tr>
            <tr>
               <td colspan="4" class="detailsBox">
                  <div id="com.Nagarro.nagp.selenium.testSuites.TestSuite_TC02_byClass_PASS6_details"
                       class="testMethodDetails">
                     <div>
                        <b>Name: </b>TC02
                     </div>
                     <div>
                        <b>Description: </b>Test case to create a one way trip for given number of passengers and locations
                     </div>
                     <div>
                        <b>Signature: </b>TC02(java.lang.String, java.lang.String, java.lang.String)[pri:0, instance:com.Nagarro.nagp.selenium.testSuites.TestSuite@7a1ebcd8]
                     </div>
                     <div>
                        <b>Parameters: </b>
                        
                        3
                        
                        ,
                        
                        London
                        
                        ,
                        
                        Frankfurt
                        
                        
                     </div>
                     <div>
                        <b>Start time: </b>15:51:32
                     </div>
                     <div>
                        <b>End time: </b>15:51:36
                     </div>
                     <div>
                        <b>Duration: </b>4s
                        
                     </div>
                     <div>
                        <b>Depends on methods:
                           
                        </b>
                        <div>
                               -
                           com.Nagarro.nagp.selenium.testSuites.TestSuite.TC01
                        </div>
                     </div>
                  </div>
               </td>
            </tr>
            <tr></tr>
            <tr id="com.Nagarro.nagp.selenium.testSuites.TestSuite_afterMethod_byClass_PASS7_row"
                class="testMethodStatusPASS testMethodStatusCONF">
               <td width="100%" class="firstMethodCell">
                  <a onclick="toggleDetailsVisibility('com.Nagarro.nagp.selenium.testSuites.TestSuite_afterMethod_byClass_PASS7_details')">afterMethod([TestResult name=TC02 status=SUCCESS method=TestSuite.TC02(java.lang.String, java.lang.String, java.lang.String)[pri:0,
                     instance:com.Nagarro.nagp.selenium.testSuites.TestSuite@7a1ebcd8] output={null}]
                     
                     ,
                     
                     public void com.Nagarro.nagp.selenium.testSuites.TestSuite.TC02(java.lang.String,java.lang.String,java.lang.String) throws
                     java.lang.InterruptedException)
                  </a>
               </td>
               <td nowrap="true">15:51:36</td>
               <td nowrap="true" align="right">0 ms
                  
               </td>
               <td nowrap="true">
                   
                  
               </td>
            </tr>
            <tr>
               <td colspan="4" class="detailsBox">
                  <div id="com.Nagarro.nagp.selenium.testSuites.TestSuite_afterMethod_byClass_PASS7_details"
                       class="testMethodDetails">
                     <div>
                        <b>Name: </b>afterMethod
                     </div>
                     <div>
                        <b>Signature: </b>afterMethod(org.testng.ITestResult, java.lang.reflect.Method)[pri:0, instance:com.Nagarro.nagp.selenium.testSuites.TestSuite@7a1ebcd8]
                     </div>
                     <div>
                        <b>Parameters: </b>
                        
                        [TestResult name=TC02 status=SUCCESS method=TestSuite.TC02(java.lang.String, java.lang.String, java.lang.String)[pri:0, instance:com.Nagarro.nagp.selenium.testSuites.TestSuite@7a1ebcd8]
                        output={null}]
                        
                        ,
                        
                        public void com.Nagarro.nagp.selenium.testSuites.TestSuite.TC02(java.lang.String,java.lang.String,java.lang.String) throws
                        java.lang.InterruptedException
                        
                        
                     </div>
                     <div>
                        <b>Start time: </b>15:51:36
                     </div>
                     <div>
                        <b>End time: </b>15:51:36
                     </div>
                     <div>
                        <b>Duration: </b>0 ms
                        
                     </div>
                  </div>
               </td>
            </tr>
            <tr></tr>
            <tr id="com.Nagarro.nagp.selenium.testSuites.TestSuite_TC03_byClass_PASS8_row"
                class="testMethodStatusPASS">
               <td width="100%" class="firstMethodCell">
                  <a onclick="toggleDetailsVisibility('com.Nagarro.nagp.selenium.testSuites.TestSuite_TC03_byClass_PASS8_details')">TC03(Pangaea Airlines 362
                     
                     ,
                     
                     Blue Skies Airlines 631)
                  </a>
               </td>
               <td nowrap="true">15:51:36</td>
               <td nowrap="true" align="right">1s
                  
               </td>
               <td nowrap="true">
                   
                  
               </td>
            </tr>
            <tr>
               <td colspan="4" class="detailsBox">
                  <div id="com.Nagarro.nagp.selenium.testSuites.TestSuite_TC03_byClass_PASS8_details"
                       class="testMethodDetails">
                     <div>
                        <b>Name: </b>TC03
                     </div>
                     <div>
                        <b>Description: </b>Test case to verify user is able to select flights for the trip
                     </div>
                     <div>
                        <b>Signature: </b>TC03(java.lang.String, java.lang.String)[pri:0, instance:com.Nagarro.nagp.selenium.testSuites.TestSuite@7a1ebcd8]
                     </div>
                     <div>
                        <b>Parameters: </b>
                        
                        Pangaea Airlines 362
                        
                        ,
                        
                        Blue Skies Airlines 631
                        
                        
                     </div>
                     <div>
                        <b>Start time: </b>15:51:36
                     </div>
                     <div>
                        <b>End time: </b>15:51:38
                     </div>
                     <div>
                        <b>Duration: </b>1s
                        
                     </div>
                     <div>
                        <b>Depends on methods:
                           
                        </b>
                        <div>
                               -
                           com.Nagarro.nagp.selenium.testSuites.TestSuite.TC02
                        </div>
                     </div>
                  </div>
               </td>
            </tr>
            <tr></tr>
            <tr id="com.Nagarro.nagp.selenium.testSuites.TestSuite_handleTestMethodName_byClass_PASS9_row"
                class="testMethodStatusPASS testMethodStatusCONF">
               <td width="100%" class="firstMethodCell">
                  <a onclick="toggleDetailsVisibility('com.Nagarro.nagp.selenium.testSuites.TestSuite_handleTestMethodName_byClass_PASS9_details')">handleTestMethodName(public void com.Nagarro.nagp.selenium.testSuites.TestSuite.TC03(java.lang.String,java.lang.String) throws
                     java.lang.InterruptedException)
                  </a>
               </td>
               <td nowrap="true">15:51:36</td>
               <td nowrap="true" align="right">0 ms
                  
               </td>
               <td nowrap="true">
                   
                  
               </td>
            </tr>
            <tr>
               <td colspan="4" class="detailsBox">
                  <div id="com.Nagarro.nagp.selenium.testSuites.TestSuite_handleTestMethodName_byClass_PASS9_details"
                       class="testMethodDetails">
                     <div>
                        <b>Name: </b>handleTestMethodName
                     </div>
                     <div>
                        <b>Signature: </b>handleTestMethodName(java.lang.reflect.Method)[pri:0, instance:com.Nagarro.nagp.selenium.testSuites.TestSuite@7a1ebcd8]
                     </div>
                     <div>
                        <b>Parameters: </b>
                        
                        public void com.Nagarro.nagp.selenium.testSuites.TestSuite.TC03(java.lang.String,java.lang.String) throws java.lang.InterruptedException
                        
                        
                     </div>
                     <div>
                        <b>Start time: </b>15:51:36
                     </div>
                     <div>
                        <b>End time: </b>15:51:36
                     </div>
                     <div>
                        <b>Duration: </b>0 ms
                        
                     </div>
                  </div>
               </td>
            </tr>
            <tr></tr>
            <tr id="com.Nagarro.nagp.selenium.testSuites.TestSuite_afterMethod_byClass_PASS10_row"
                class="testMethodStatusPASS testMethodStatusCONF">
               <td width="100%" class="firstMethodCell">
                  <a onclick="toggleDetailsVisibility('com.Nagarro.nagp.selenium.testSuites.TestSuite_afterMethod_byClass_PASS10_details')">afterMethod([TestResult name=TC03 status=SUCCESS method=TestSuite.TC03(java.lang.String, java.lang.String)[pri:0, instance:com.Nagarro.nagp.selenium.testSuites.TestSuite@7a1ebcd8]
                     output={null}]
                     
                     ,
                     
                     public void com.Nagarro.nagp.selenium.testSuites.TestSuite.TC03(java.lang.String,java.lang.String) throws java.lang.InterruptedException)
                  </a>
               </td>
               <td nowrap="true">15:51:38</td>
               <td nowrap="true" align="right">0 ms
                  
               </td>
               <td nowrap="true">
                   
                  
               </td>
            </tr>
            <tr>
               <td colspan="4" class="detailsBox">
                  <div id="com.Nagarro.nagp.selenium.testSuites.TestSuite_afterMethod_byClass_PASS10_details"
                       class="testMethodDetails">
                     <div>
                        <b>Name: </b>afterMethod
                     </div>
                     <div>
                        <b>Signature: </b>afterMethod(org.testng.ITestResult, java.lang.reflect.Method)[pri:0, instance:com.Nagarro.nagp.selenium.testSuites.TestSuite@7a1ebcd8]
                     </div>
                     <div>
                        <b>Parameters: </b>
                        
                        [TestResult name=TC03 status=SUCCESS method=TestSuite.TC03(java.lang.String, java.lang.String)[pri:0, instance:com.Nagarro.nagp.selenium.testSuites.TestSuite@7a1ebcd8]
                        output={null}]
                        
                        ,
                        
                        public void com.Nagarro.nagp.selenium.testSuites.TestSuite.TC03(java.lang.String,java.lang.String) throws java.lang.InterruptedException
                        
                        
                     </div>
                     <div>
                        <b>Start time: </b>15:51:38
                     </div>
                     <div>
                        <b>End time: </b>15:51:38
                     </div>
                     <div>
                        <b>Duration: </b>0 ms
                        
                     </div>
                  </div>
               </td>
            </tr>
            <tr></tr>
            <tr id="com.Nagarro.nagp.selenium.testSuites.TestSuite_tearDown_byClass_FAIL11_row"
                class="testMethodStatusFAIL testMethodStatusCONF">
               <td width="100%" class="firstMethodCell">
                  <a onclick="toggleDetailsVisibility('com.Nagarro.nagp.selenium.testSuites.TestSuite_tearDown_byClass_FAIL11_details')">tearDown()</a>
               </td>
               <td nowrap="true">15:51:38</td>
               <td nowrap="true" align="right">0 ms
                  
               </td>
               <td nowrap="true">
                  <a onclick="toggleDetailsVisibility('com.Nagarro.nagp.selenium.testSuites.TestSuite_tearDown_byClass_FAIL11_exception')">java.lang.NoClassDefFoundError: 
                     net/sf/saxon/event/SourceLocationProvider
                     
                  </a>
                   
                  
               </td>
            </tr>
            <tr>
               <td colspan="4" class="detailsBox">
                  <div id="com.Nagarro.nagp.selenium.testSuites.TestSuite_tearDown_byClass_FAIL11_details"
                       class="testMethodDetails">
                     <div>
                        <b>Name: </b>tearDown
                     </div>
                     <div>
                        <b>Signature: </b>tearDown()[pri:0, instance:com.Nagarro.nagp.selenium.testSuites.TestSuite@7a1ebcd8]
                     </div>
                     <div>
                        <b>Start time: </b>15:51:38
                     </div>
                     <div>
                        <b>End time: </b>15:51:38
                     </div>
                     <div>
                        <b>Duration: </b>0 ms
                        
                     </div>
                  </div>
               </td>
            </tr>
            <tr>
               <td colspan="4" class="detailsBox">
                  <div id="com.Nagarro.nagp.selenium.testSuites.TestSuite_tearDown_byClass_FAIL11_exception"
                       class="testMethodDetails">
                     <pre style="padding: 5px; margin: 0;">java.lang.NoClassDefFoundError: net/sf/saxon/event/SourceLocationProvider
                        	at java.lang.ClassLoader.defineClass1(Native Method)
                        	at java.lang.ClassLoader.defineClass(Unknown Source)
                        	at java.security.SecureClassLoader.defineClass(Unknown Source)
                        	at java.net.URLClassLoader.defineClass(Unknown Source)
                        	at java.net.URLClassLoader.access$100(Unknown Source)
                        	at java.net.URLClassLoader$1.run(Unknown Source)
                        	at java.net.URLClassLoader$1.run(Unknown Source)
                        	at java.security.AccessController.doPrivileged(Native Method)
                        	at java.net.URLClassLoader.findClass(Unknown Source)
                        	at java.lang.ClassLoader.loadClass(Unknown Source)
                        	at sun.misc.Launcher$AppClassLoader.loadClass(Unknown Source)
                        	at java.lang.ClassLoader.loadClass(Unknown Source)
                        	at net.sf.saxon.dom.DOMObjectModel.sendSource(DOMObjectModel.java:108)
                        	at net.sf.saxon.event.Sender.send(Sender.java:176)
                        	at net.sf.saxon.IdentityTransformer.transform(IdentityTransformer.java:28)
                        	at org.apache.poi.openxml4j.opc.StreamHelper.saveXmlInStream(StreamHelper.java:80)
                        	at org.apache.poi.openxml4j.opc.internal.marshallers.ZipPartMarshaller.marshallRelationshipPart(ZipPartMarshaller.java:181)
                        	at org.apache.poi.openxml4j.opc.ZipPackage.saveImpl(ZipPackage.java:460)
                        	at org.apache.poi.openxml4j.opc.OPCPackage.save(OPCPackage.java:1467)
                        	at org.apache.poi.POIXMLDocument.write(POIXMLDocument.java:217)
                        	at com.Nagarro.nagp.selenium.excelSupport.Excel.saveExcelFile(Excel.java:241)
                        	at com.Nagarro.nagp.selenium.frameworkSupport.SetupTearDown.testResultHandler(SetupTearDown.java:272)
                        	at com.Nagarro.nagp.selenium.frameworkSupport.SetupTearDown.tearDown(SetupTearDown.java:164)
                        	at sun.reflect.NativeMethodAccessorImpl.invoke0(Native Method)
                        	at sun.reflect.NativeMethodAccessorImpl.invoke(Unknown Source)
                        	at sun.reflect.DelegatingMethodAccessorImpl.invoke(Unknown Source)
                        	at java.lang.reflect.Method.invoke(Unknown Source)
                        	at org.testng.internal.MethodInvocationHelper.invokeMethod(MethodInvocationHelper.java:100)
                        	at org.testng.internal.Invoker.invokeConfigurationMethod(Invoker.java:515)
                        	at org.testng.internal.Invoker.invokeConfigurations(Invoker.java:216)
                        	at org.testng.internal.Invoker.invokeConfigurations(Invoker.java:143)
                        	at org.testng.SuiteRunner.privateRun(SuiteRunner.java:336)
                        	at org.testng.SuiteRunner.run(SuiteRunner.java:268)
                        	at org.testng.SuiteRunnerWorker.runSuite(SuiteRunnerWorker.java:52)
                        	at org.testng.SuiteRunnerWorker.run(SuiteRunnerWorker.java:86)
                        	at org.testng.TestNG.runSuitesSequentially(TestNG.java:1264)
                        	at org.testng.TestNG.runSuitesLocally(TestNG.java:1189)
                        	at org.testng.TestNG.runSuites(TestNG.java:1104)
                        	at org.testng.TestNG.run(TestNG.java:1076)
                        	at org.testng.TestNG.privateMain(TestNG.java:1405)
                        	at org.testng.TestNG.main(TestNG.java:1374)
                        Caused by: java.lang.ClassNotFoundException: net.sf.saxon.event.SourceLocationProvider
                        	at java.net.URLClassLoader.findClass(Unknown Source)
                        	at java.lang.ClassLoader.loadClass(Unknown Source)
                        	at sun.misc.Launcher$AppClassLoader.loadClass(Unknown Source)
                        	at java.lang.ClassLoader.loadClass(Unknown Source)
                        	... 41 more
                     </pre>
                  </div>
               </td>
            </tr>
         </table>
         <br></br>
      </div>
      <div style="margin-top: 15px; color: gray; text-align: center; font-size: 9px;">
         Generated with
         
         <a href="http://code.google.com/p/testng-xslt/" style="color: #8888aa;"
            target="_blank">
            TestNG XSLT
            
         </a>
      </div>
   </body>
</html>